# JRE version: OpenJDK Runtime Environment Temurin-21.0.11+10 (21.0.11+10) (build 21.0.11+10-LTS)
# Java VM: OpenJDK 64-Bit Server VM Temurin-21.0.11+10 (21.0.11+10-LTS, mixed mode, sharing, tiered, compressed oops, compressed class ptrs, parallel gc, windows-amd64)
GC Precious Log:
 CardTable entry size: 512
 CPUs: 4 total, 4 available
 Memory: 8072M
 Large Page Support: Disabled
 NUMA Support: Disabled
 Compressed Oops: Enabled (32-bit)
 Alignments: Space 512K, Generation 512K, Heap 2M
 Heap Min Capacity: 100M
 Heap Initial Capacity: 100M
 Heap Max Capacity: 2G
 Pre-touch: Disabled
 Parallel Workers: 4
Heap:
 PSYoungGen      total 17920K, used 17013K [0x00000000d5580000, 0x00000000d6e80000, 0x0000000100000000)
  eden space 14336K, 93% used [0x00000000d5580000,0x00000000d62a0ee8,0x00000000d6380000)
  from space 3584K, 99% used [0x00000000d6b00000,0x00000000d6e7c780,0x00000000d6e80000)
  to   space 5120K, 0% used [0x00000000d6480000,0x00000000d6480000,0x00000000d6980000)
 ParOldGen       total 83968K, used 72736K [0x0000000080000000, 0x0000000085200000, 0x00000000d5580000)
  object space 83968K, 86% used [0x0000000080000000,0x0000000084708330,0x0000000085200000)
 Metaspace       used 65735K, committed 67200K, reserved 1114112K
  class space    used 6811K, committed 7424K, reserved 1048576K
GC Heap History (20 events):
Event: 23.204 GC heap before
{Heap before GC invocations=72 (full 3):
 PSYoungGen      total 18432K, used 18412K [0x00000000d5580000, 0x00000000d6e80000, 0x0000000100000000)
  eden space 17408K, 100% used [0x00000000d5580000,0x00000000d6680000,0x00000000d6680000)
  from space 1024K, 98% used [0x00000000d6a00000,0x00000000d6afb0d0,0x00000000d6b00000)
  to   space 3584K, 0% used [0x00000000d6680000,0x00000000d6680000,0x00000000d6a00000)
 ParOldGen       total 83968K, used 57965K [0x0000000080000000, 0x0000000085200000, 0x00000000d5580000)
  object space 83968K, 69% used [0x0000000080000000,0x000000008389b660,0x0000000085200000)
 Metaspace       used 60832K, committed 62272K, reserved 1114112K
  class space    used 6431K, committed 7040K, reserved 1048576K
}
Event: 23.215 GC heap after
{Heap after GC invocations=72 (full 3):
 PSYoungGen      total 19456K, used 2032K [0x00000000d5580000, 0x00000000d6b80000, 0x0000000100000000)
  eden space 17408K, 0% used [0x00000000d5580000,0x00000000d5580000,0x00000000d6680000)
  from space 2048K, 99% used [0x00000000d6680000,0x00000000d687c030,0x00000000d6880000)
  to   space 2560K, 0% used [0x00000000d6900000,0x00000000d6900000,0x00000000d6b80000)
 ParOldGen       total 83968K, used 58941K [0x0000000080000000, 0x0000000085200000, 0x00000000d5580000)
  object space 83968K, 70% used [0x0000000080000000,0x000000008398f500,0x0000000085200000)
 Metaspace       used 60832K, committed 62272K, reserved 1114112K
  class space    used 6431K, committed 7040K, reserved 1048576K
}
Event: 24.466 GC heap before
{Heap before GC invocations=73 (full 3):
 PSYoungGen      total 19456K, used 19440K [0x00000000d5580000, 0x00000000d6b80000, 0x0000000100000000)
  eden space 17408K, 100% used [0x00000000d5580000,0x00000000d6680000,0x00000000d6680000)
  from space 2048K, 99% used [0x00000000d6680000,0x00000000d687c030,0x00000000d6880000)
  to   space 2560K, 0% used [0x00000000d6900000,0x00000000d6900000,0x00000000d6b80000)
 ParOldGen       total 83968K, used 58941K [0x0000000080000000, 0x0000000085200000, 0x00000000d5580000)
  object space 83968K, 70% used [0x0000000080000000,0x000000008398f500,0x0000000085200000)
 Metaspace       used 61821K, committed 63296K, reserved 1114112K
  class space    used 6484K, committed 7104K, reserved 1048576K
}
Event: 24.471 GC heap after
{Heap after GC invocations=73 (full 3):
 PSYoungGen      total 16896K, used 2528K [0x00000000d5580000, 0x00000000d7180000, 0x0000000100000000)
  eden space 14336K, 0% used [0x00000000d5580000,0x00000000d5580000,0x00000000d6380000)
  from space 2560K, 98% used [0x00000000d6900000,0x00000000d6b78178,0x00000000d6b80000)
  to   space 5632K, 0% used [0x00000000d6380000,0x00000000d6380000,0x00000000d6900000)
 ParOldGen       total 83968K, used 61164K [0x0000000080000000, 0x0000000085200000, 0x00000000d5580000)
  object space 83968K, 72% used [0x0000000080000000,0x0000000083bbb0d0,0x0000000085200000)
 Metaspace       used 61821K, committed 63296K, reserved 1114112K
  class space    used 6484K, committed 7104K, reserved 1048576K
}
Event: 25.038 GC heap before
{Heap before GC invocations=74 (full 3):
 PSYoungGen      total 16896K, used 16864K [0x00000000d5580000, 0x00000000d7180000, 0x0000000100000000)
  eden space 14336K, 100% used [0x00000000d5580000,0x00000000d6380000,0x00000000d6380000)
  from space 2560K, 98% used [0x00000000d6900000,0x00000000d6b78178,0x00000000d6b80000)
  to   space 5632K, 0% used [0x00000000d6380000,0x00000000d6380000,0x00000000d6900000)
 ParOldGen       total 83968K, used 61164K [0x0000000080000000, 0x0000000085200000, 0x00000000d5580000)
  object space 83968K, 72% used [0x0000000080000000,0x0000000083bbb0d0,0x0000000085200000)
 Metaspace       used 62630K, committed 64064K, reserved 1114112K
  class space    used 6532K, committed 7104K, reserved 1048576K
}
Event: 25.047 GC heap after
{Heap after GC invocations=74 (full 3):
 PSYoungGen      total 16896K, used 2252K [0x00000000d5580000, 0x00000000d6a80000, 0x0000000100000000)
  eden space 14336K, 0% used [0x00000000d5580000,0x00000000d5580000,0x00000000d6380000)
  from space 2560K, 88% used [0x00000000d6380000,0x00000000d65b33b0,0x00000000d6600000)
  to   space 3584K, 0% used [0x00000000d6700000,0x00000000d6700000,0x00000000d6a80000)
 ParOldGen       total 83968K, used 63164K [0x0000000080000000, 0x0000000085200000, 0x00000000d5580000)
  object space 83968K, 75% used [0x0000000080000000,0x0000000083daf2a0,0x0000000085200000)
 Metaspace       used 62630K, committed 64064K, reserved 1114112K
  class space    used 6532K, committed 7104K, reserved 1048576K
}
Event: 25.559 GC heap before
{Heap before GC invocations=75 (full 3):
 PSYoungGen      total 16896K, used 16588K [0x00000000d5580000, 0x00000000d6a80000, 0x0000000100000000)
  eden space 14336K, 100% used [0x00000000d5580000,0x00000000d6380000,0x00000000d6380000)
  from space 2560K, 88% used [0x00000000d6380000,0x00000000d65b33b0,0x00000000d6600000)
  to   space 3584K, 0% used [0x00000000d6700000,0x00000000d6700000,0x00000000d6a80000)
 ParOldGen       total 83968K, used 63164K [0x0000000080000000, 0x0000000085200000, 0x00000000d5580000)
  object space 83968K, 75% used [0x0000000080000000,0x0000000083daf2a0,0x0000000085200000)
 Metaspace       used 63417K, committed 64832K, reserved 1114112K
  class space    used 6612K, committed 7168K, reserved 1048576K
}
Event: 25.565 GC heap after
{Heap after GC invocations=75 (full 3):
 PSYoungGen      total 15360K, used 784K [0x00000000d5580000, 0x00000000d6800000, 0x0000000100000000)
  eden space 14336K, 0% used [0x00000000d5580000,0x00000000d5580000,0x00000000d6380000)
  from space 1024K, 76% used [0x00000000d6700000,0x00000000d67c4010,0x00000000d6800000)
  to   space 1536K, 0% used [0x00000000d6500000,0x00000000d6500000,0x00000000d6680000)
 ParOldGen       total 83968K, used 65290K [0x0000000080000000, 0x0000000085200000, 0x00000000d5580000)
  object space 83968K, 77% used [0x0000000080000000,0x0000000083fc2870,0x0000000085200000)
 Metaspace       used 63417K, committed 64832K, reserved 1114112K
  class space    used 6612K, committed 7168K, reserved 1048576K
}
Event: 25.928 GC heap before
{Heap before GC invocations=76 (full 3):
 PSYoungGen      total 15360K, used 15120K [0x00000000d5580000, 0x00000000d6800000, 0x0000000100000000)
  eden space 14336K, 100% used [0x00000000d5580000,0x00000000d6380000,0x00000000d6380000)
  from space 1024K, 76% used [0x00000000d6700000,0x00000000d67c4010,0x00000000d6800000)
  to   space 1536K, 0% used [0x00000000d6500000,0x00000000d6500000,0x00000000d6680000)
 ParOldGen       total 83968K, used 65290K [0x0000000080000000, 0x0000000085200000, 0x00000000d5580000)
  object space 83968K, 77% used [0x0000000080000000,0x0000000083fc2870,0x0000000085200000)
 Metaspace       used 63552K, committed 64960K, reserved 1114112K
  class space    used 6612K, committed 7168K, reserved 1048576K
}
Event: 25.931 GC heap after
{Heap after GC invocations=76 (full 3):
 PSYoungGen      total 15872K, used 688K [0x00000000d5580000, 0x00000000d6780000, 0x0000000100000000)
  eden space 14336K, 0% used [0x00000000d5580000,0x00000000d5580000,0x00000000d6380000)
  from space 1536K, 44% used [0x00000000d6500000,0x00000000d65ac010,0x00000000d6680000)
  to   space 1024K, 0% used [0x00000000d6680000,0x00000000d6680000,0x00000000d6780000)
 ParOldGen       total 83968K, used 65847K [0x0000000080000000, 0x0000000085200000, 0x00000000d5580000)
  object space 83968K, 78% used [0x0000000080000000,0x000000008404de98,0x0000000085200000)
 Metaspace       used 63552K, committed 64960K, reserved 1114112K
  class space    used 6612K, committed 7168K, reserved 1048576K
}
Event: 26.280 GC heap before
{Heap before GC invocations=77 (full 3):
 PSYoungGen      total 15872K, used 15024K [0x00000000d5580000, 0x00000000d6780000, 0x0000000100000000)
  eden space 14336K, 100% used [0x00000000d5580000,0x00000000d6380000,0x00000000d6380000)
  from space 1536K, 44% used [0x00000000d6500000,0x00000000d65ac010,0x00000000d6680000)
  to   space 1024K, 0% used [0x00000000d6680000,0x00000000d6680000,0x00000000d6780000)
 ParOldGen       total 83968K, used 65847K [0x0000000080000000, 0x0000000085200000, 0x00000000d5580000)
  object space 83968K, 78% used [0x0000000080000000,0x000000008404de98,0x0000000085200000)
 Metaspace       used 63627K, committed 65024K, reserved 1114112K
  class space    used 6613K, committed 7168K, reserved 1048576K
}
Event: 26.281 GC heap after
{Heap after GC invocations=77 (full 3):
 PSYoungGen      total 15360K, used 904K [0x00000000d5580000, 0x00000000d6780000, 0x0000000100000000)
  eden space 14336K, 0% used [0x00000000d5580000,0x00000000d5580000,0x00000000d6380000)
  from space 1024K, 88% used [0x00000000d6680000,0x00000000d6762158,0x00000000d6780000)
  to   space 1024K, 0% used [0x00000000d6580000,0x00000000d6580000,0x00000000d6680000)
 ParOldGen       total 83968K, used 65915K [0x0000000080000000, 0x0000000085200000, 0x00000000d5580000)
  object space 83968K, 78% used [0x0000000080000000,0x000000008405ed28,0x0000000085200000)
 Metaspace       used 63627K, committed 65024K, reserved 1114112K
  class space    used 6613K, committed 7168K, reserved 1048576K
}
Event: 26.681 GC heap before
{Heap before GC invocations=78 (full 3):
 PSYoungGen      total 15360K, used 15240K [0x00000000d5580000, 0x00000000d6780000, 0x0000000100000000)
  eden space 14336K, 100% used [0x00000000d5580000,0x00000000d6380000,0x00000000d6380000)
  from space 1024K, 88% used [0x00000000d6680000,0x00000000d6762158,0x00000000d6780000)
  to   space 1024K, 0% used [0x00000000d6580000,0x00000000d6580000,0x00000000d6680000)
 ParOldGen       total 83968K, used 65915K [0x0000000080000000, 0x0000000085200000, 0x00000000d5580000)
  object space 83968K, 78% used [0x0000000080000000,0x000000008405ed28,0x0000000085200000)
 Metaspace       used 63684K, committed 65088K, reserved 1114112K
  class space    used 6614K, committed 7168K, reserved 1048576K
}
Event: 26.683 GC heap after
{Heap after GC invocations=78 (full 3):
 PSYoungGen      total 15360K, used 976K [0x00000000d5580000, 0x00000000d6700000, 0x0000000100000000)
  eden space 14336K, 0% used [0x00000000d5580000,0x00000000d5580000,0x00000000d6380000)
  from space 1024K, 95% used [0x00000000d6580000,0x00000000d6674010,0x00000000d6680000)
  to   space 512K, 0% used [0x00000000d6680000,0x00000000d6680000,0x00000000d6700000)
 ParOldGen       total 83968K, used 66036K [0x0000000080000000, 0x0000000085200000, 0x00000000d5580000)
  object space 83968K, 78% used [0x0000000080000000,0x000000008407d3c8,0x0000000085200000)
 Metaspace       used 63684K, committed 65088K, reserved 1114112K
  class space    used 6614K, committed 7168K, reserved 1048576K
}
Event: 62.404 GC heap before
{Heap before GC invocations=79 (full 3):
 PSYoungGen      total 15360K, used 15312K [0x00000000d5580000, 0x00000000d6700000, 0x0000000100000000)
  eden space 14336K, 100% used [0x00000000d5580000,0x00000000d6380000,0x00000000d6380000)
  from space 1024K, 95% used [0x00000000d6580000,0x00000000d6674010,0x00000000d6680000)
  to   space 512K, 0% used [0x00000000d6680000,0x00000000d6680000,0x00000000d6700000)
 ParOldGen       total 83968K, used 66036K [0x0000000080000000, 0x0000000085200000, 0x00000000d5580000)
  object space 83968K, 78% used [0x0000000080000000,0x000000008407d3c8,0x0000000085200000)
 Metaspace       used 64310K, committed 65792K, reserved 1114112K
  class space    used 6659K, committed 7296K, reserved 1048576K
}
Event: 62.406 GC heap after
{Heap after GC invocations=79 (full 3):
 PSYoungGen      total 14848K, used 512K [0x00000000d5580000, 0x00000000d6700000, 0x0000000100000000)
  eden space 14336K, 0% used [0x00000000d5580000,0x00000000d5580000,0x00000000d6380000)
  from space 512K, 100% used [0x00000000d6680000,0x00000000d6700000,0x00000000d6700000)
  to   space 1024K, 0% used [0x00000000d6500000,0x00000000d6500000,0x00000000d6600000)
 ParOldGen       total 83968K, used 66184K [0x0000000080000000, 0x0000000085200000, 0x00000000d5580000)
  object space 83968K, 78% used [0x0000000080000000,0x00000000840a21f8,0x0000000085200000)
 Metaspace       used 64310K, committed 65792K, reserved 1114112K
  class space    used 6659K, committed 7296K, reserved 1048576K
}
Event: 62.840 GC heap before
{Heap before GC invocations=80 (full 3):
 PSYoungGen      total 14848K, used 14848K [0x00000000d5580000, 0x00000000d6700000, 0x0000000100000000)
  eden space 14336K, 100% used [0x00000000d5580000,0x00000000d6380000,0x00000000d6380000)
  from space 512K, 100% used [0x00000000d6680000,0x00000000d6700000,0x00000000d6700000)
  to   space 1024K, 0% used [0x00000000d6500000,0x00000000d6500000,0x00000000d6600000)
 ParOldGen       total 83968K, used 66184K [0x0000000080000000, 0x0000000085200000, 0x00000000d5580000)
  object space 83968K, 78% used [0x0000000080000000,0x00000000840a21f8,0x0000000085200000)
 Metaspace       used 65215K, committed 66752K, reserved 1114112K
  class space    used 6758K, committed 7424K, reserved 1048576K
}
Event: 62.851 GC heap after
{Heap after GC invocations=80 (full 3):
 PSYoungGen      total 15360K, used 1017K [0x00000000d5580000, 0x00000000d7280000, 0x0000000100000000)
  eden space 14336K, 0% used [0x00000000d5580000,0x00000000d5580000,0x00000000d6380000)
  from space 1024K, 99% used [0x00000000d6500000,0x00000000d65fe4b0,0x00000000d6600000)
  to   space 7680K, 0% used [0x00000000d6b00000,0x00000000d6b00000,0x00000000d7280000)
 ParOldGen       total 83968K, used 71711K [0x0000000080000000, 0x0000000085200000, 0x00000000d5580000)
  object space 83968K, 85% used [0x0000000080000000,0x0000000084607cd0,0x0000000085200000)
 Metaspace       used 65215K, committed 66752K, reserved 1114112K
  class space    used 6758K, committed 7424K, reserved 1048576K
}
Event: 63.283 GC heap before
{Heap before GC invocations=81 (full 3):
 PSYoungGen      total 15360K, used 15353K [0x00000000d5580000, 0x00000000d7280000, 0x0000000100000000)
  eden space 14336K, 100% used [0x00000000d5580000,0x00000000d6380000,0x00000000d6380000)
  from space 1024K, 99% used [0x00000000d6500000,0x00000000d65fe4b0,0x00000000d6600000)
  to   space 7680K, 0% used [0x00000000d6b00000,0x00000000d6b00000,0x00000000d7280000)
 ParOldGen       total 83968K, used 71711K [0x0000000080000000, 0x0000000085200000, 0x00000000d5580000)
  object space 83968K, 85% used [0x0000000080000000,0x0000000084607cd0,0x0000000085200000)
 Metaspace       used 65605K, committed 67072K, reserved 1114112K
  class space    used 6794K, committed 7424K, reserved 1048576K
}
Event: 63.287 GC heap after
{Heap after GC invocations=81 (full 3):
 PSYoungGen      total 17920K, used 3569K [0x00000000d5580000, 0x00000000d6e80000, 0x0000000100000000)
  eden space 14336K, 0% used [0x00000000d5580000,0x00000000d5580000,0x00000000d6380000)
  from space 3584K, 99% used [0x00000000d6b00000,0x00000000d6e7c780,0x00000000d6e80000)
  to   space 5120K, 0% used [0x00000000d6480000,0x00000000d6480000,0x00000000d6980000)
 ParOldGen       total 83968K, used 72736K [0x0000000080000000, 0x0000000085200000, 0x00000000d5580000)
  object space 83968K, 86% used [0x0000000080000000,0x0000000084708330,0x0000000085200000)
 Metaspace       used 65605K, committed 67072K, reserved 1114112K
  class space    used 6794K, committed 7424K, reserved 1048576K
}

