# JRE version: OpenJDK Runtime Environment Temurin-21.0.11+10 (21.0.11+10) (build 21.0.11+10-LTS)
# Java VM: OpenJDK 64-Bit Server VM Temurin-21.0.11+10 (21.0.11+10-LTS, mixed mode, sharing, tiered, compressed oops, compressed class ptrs, parallel gc, windows-amd64)
GC Precious Log:
 CardTable entry size: 512
 CPUs: 4 total, 4 available
 Memory: 8072M
 Large Page Support: Disabled
 NUMA Support: Disabled
 Compressed Oops: Enabled (32-bit)
 Alignments: Space 512K, Generation 512K, Heap 2M
 Heap Min Capacity: 100M
 Heap Initial Capacity: 100M
 Heap Max Capacity: 2G
 Pre-touch: Disabled
 Parallel Workers: 4
Heap:
 PSYoungGen      total 15360K, used 7053K [0x00000000d5580000, 0x00000000d6b80000, 0x0000000100000000)
  eden space 14848K, 45% used [0x00000000d5580000,0x00000000d5c0b760,0x00000000d6400000)
  from space 512K, 68% used [0x00000000d6b00000,0x00000000d6b58020,0x00000000d6b80000)
  to   space 1024K, 0% used [0x00000000d6980000,0x00000000d6980000,0x00000000d6a80000)
 ParOldGen       total 93184K, used 92306K [0x0000000080000000, 0x0000000085b00000, 0x00000000d5580000)
  object space 93184K, 99% used [0x0000000080000000,0x0000000085a249c8,0x0000000085b00000)
 Metaspace       used 62879K, committed 64384K, reserved 1114112K
  class space    used 6630K, committed 7296K, reserved 1048576K
GC Heap History (20 events):
Event: 112.356 GC heap before
{Heap before GC invocations=66 (full 2):
 PSYoungGen      total 15872K, used 15680K [0x00000000d5580000, 0x00000000d6600000, 0x0000000100000000)
  eden space 15360K, 100% used [0x00000000d5580000,0x00000000d6480000,0x00000000d6480000)
  from space 512K, 62% used [0x00000000d6480000,0x00000000d64d0000,0x00000000d6500000)
  to   space 512K, 0% used [0x00000000d6580000,0x00000000d6580000,0x00000000d6600000)
 ParOldGen       total 68608K, used 68222K [0x0000000080000000, 0x0000000084300000, 0x00000000d5580000)
  object space 68608K, 99% used [0x0000000080000000,0x000000008429f8c0,0x0000000084300000)
 Metaspace       used 57843K, committed 59264K, reserved 1114112K
  class space    used 6124K, committed 6720K, reserved 1048576K
}
Event: 112.361 GC heap after
{Heap after GC invocations=66 (full 2):
 PSYoungGen      total 15360K, used 494K [0x00000000d5580000, 0x00000000d6780000, 0x0000000100000000)
  eden space 14848K, 0% used [0x00000000d5580000,0x00000000d5580000,0x00000000d6400000)
  from space 512K, 96% used [0x00000000d6580000,0x00000000d65fba08,0x00000000d6600000)
  to   space 1536K, 0% used [0x00000000d6400000,0x00000000d6400000,0x00000000d6580000)
 ParOldGen       total 69120K, used 68897K [0x0000000080000000, 0x0000000084380000, 0x00000000d5580000)
  object space 69120K, 99% used [0x0000000080000000,0x00000000843487a0,0x0000000084380000)
 Metaspace       used 57843K, committed 59264K, reserved 1114112K
  class space    used 6124K, committed 6720K, reserved 1048576K
}
Event: 112.849 GC heap before
{Heap before GC invocations=67 (full 2):
 PSYoungGen      total 15360K, used 15342K [0x00000000d5580000, 0x00000000d6780000, 0x0000000100000000)
  eden space 14848K, 100% used [0x00000000d5580000,0x00000000d6400000,0x00000000d6400000)
  from space 512K, 96% used [0x00000000d6580000,0x00000000d65fba08,0x00000000d6600000)
  to   space 1536K, 0% used [0x00000000d6400000,0x00000000d6400000,0x00000000d6580000)
 ParOldGen       total 69120K, used 68897K [0x0000000080000000, 0x0000000084380000, 0x00000000d5580000)
  object space 69120K, 99% used [0x0000000080000000,0x00000000843487a0,0x0000000084380000)
 Metaspace       used 57861K, committed 59264K, reserved 1114112K
  class space    used 6124K, committed 6720K, reserved 1048576K
}
Event: 112.851 GC heap after
{Heap after GC invocations=67 (full 2):
 PSYoungGen      total 15872K, used 937K [0x00000000d5580000, 0x00000000d6600000, 0x0000000100000000)
  eden space 14848K, 0% used [0x00000000d5580000,0x00000000d5580000,0x00000000d6400000)
  from space 1024K, 91% used [0x00000000d6400000,0x00000000d64ea6c8,0x00000000d6500000)
  to   space 1024K, 0% used [0x00000000d6500000,0x00000000d6500000,0x00000000d6600000)
 ParOldGen       total 69632K, used 69232K [0x0000000080000000, 0x0000000084400000, 0x00000000d5580000)
  object space 69632K, 99% used [0x0000000080000000,0x000000008439c2c8,0x0000000084400000)
 Metaspace       used 57861K, committed 59264K, reserved 1114112K
  class space    used 6124K, committed 6720K, reserved 1048576K
}
Event: 112.971 GC heap before
{Heap before GC invocations=68 (full 2):
 PSYoungGen      total 15872K, used 15709K [0x00000000d5580000, 0x00000000d6600000, 0x0000000100000000)
  eden space 14848K, 99% used [0x00000000d5580000,0x00000000d63ed030,0x00000000d6400000)
  from space 1024K, 91% used [0x00000000d6400000,0x00000000d64ea6c8,0x00000000d6500000)
  to   space 1024K, 0% used [0x00000000d6500000,0x00000000d6500000,0x00000000d6600000)
 ParOldGen       total 69632K, used 69232K [0x0000000080000000, 0x0000000084400000, 0x00000000d5580000)
  object space 69632K, 99% used [0x0000000080000000,0x000000008439c2c8,0x0000000084400000)
 Metaspace       used 57865K, committed 59264K, reserved 1114112K
  class space    used 6124K, committed 6720K, reserved 1048576K
}
Event: 112.973 GC heap after
{Heap after GC invocations=68 (full 2):
 PSYoungGen      total 15872K, used 992K [0x00000000d5580000, 0x00000000d6600000, 0x0000000100000000)
  eden space 14848K, 0% used [0x00000000d5580000,0x00000000d5580000,0x00000000d6400000)
  from space 1024K, 96% used [0x00000000d6500000,0x00000000d65f82f8,0x00000000d6600000)
  to   space 1024K, 0% used [0x00000000d6400000,0x00000000d6400000,0x00000000d6500000)
 ParOldGen       total 69632K, used 69400K [0x0000000080000000, 0x0000000084400000, 0x00000000d5580000)
  object space 69632K, 99% used [0x0000000080000000,0x00000000843c62c8,0x0000000084400000)
 Metaspace       used 57865K, committed 59264K, reserved 1114112K
  class space    used 6124K, committed 6720K, reserved 1048576K
}
Event: 113.420 GC heap before
{Heap before GC invocations=69 (full 2):
 PSYoungGen      total 15872K, used 10413K [0x00000000d5580000, 0x00000000d6600000, 0x0000000100000000)
  eden space 14848K, 63% used [0x00000000d5580000,0x00000000d5eb34b0,0x00000000d6400000)
  from space 1024K, 96% used [0x00000000d6500000,0x00000000d65f82f8,0x00000000d6600000)
  to   space 1024K, 0% used [0x00000000d6400000,0x00000000d6400000,0x00000000d6500000)
 ParOldGen       total 69632K, used 69400K [0x0000000080000000, 0x0000000084400000, 0x00000000d5580000)
  object space 69632K, 99% used [0x0000000080000000,0x00000000843c62c8,0x0000000084400000)
 Metaspace       used 59478K, committed 60800K, reserved 1114112K
  class space    used 6296K, committed 6848K, reserved 1048576K
}
Event: 113.422 GC heap after
{Heap after GC invocations=69 (full 2):
 PSYoungGen      total 15872K, used 816K [0x00000000d5580000, 0x00000000d6600000, 0x0000000100000000)
  eden space 14848K, 0% used [0x00000000d5580000,0x00000000d5580000,0x00000000d6400000)
  from space 1024K, 79% used [0x00000000d6400000,0x00000000d64cc180,0x00000000d6500000)
  to   space 1024K, 0% used [0x00000000d6500000,0x00000000d6500000,0x00000000d6600000)
 ParOldGen       total 69632K, used 69416K [0x0000000080000000, 0x0000000084400000, 0x00000000d5580000)
  object space 69632K, 99% used [0x0000000080000000,0x00000000843ca2c8,0x0000000084400000)
 Metaspace       used 59478K, committed 60800K, reserved 1114112K
  class space    used 6296K, committed 6848K, reserved 1048576K
}
Event: 113.422 GC heap before
{Heap before GC invocations=70 (full 3):
 PSYoungGen      total 15872K, used 816K [0x00000000d5580000, 0x00000000d6600000, 0x0000000100000000)
  eden space 14848K, 0% used [0x00000000d5580000,0x00000000d5580000,0x00000000d6400000)
  from space 1024K, 79% used [0x00000000d6400000,0x00000000d64cc180,0x00000000d6500000)
  to   space 1024K, 0% used [0x00000000d6500000,0x00000000d6500000,0x00000000d6600000)
 ParOldGen       total 69632K, used 69416K [0x0000000080000000, 0x0000000084400000, 0x00000000d5580000)
  object space 69632K, 99% used [0x0000000080000000,0x00000000843ca2c8,0x0000000084400000)
 Metaspace       used 59478K, committed 60800K, reserved 1114112K
  class space    used 6296K, committed 6848K, reserved 1048576K
}
Event: 113.620 GC heap after
{Heap after GC invocations=70 (full 3):
 PSYoungGen      total 15872K, used 0K [0x00000000d5580000, 0x00000000d6600000, 0x0000000100000000)
  eden space 14848K, 0% used [0x00000000d5580000,0x00000000d5580000,0x00000000d6400000)
  from space 1024K, 0% used [0x00000000d6400000,0x00000000d6400000,0x00000000d6500000)
  to   space 1024K, 0% used [0x00000000d6500000,0x00000000d6500000,0x00000000d6600000)
 ParOldGen       total 69632K, used 53048K [0x0000000080000000, 0x0000000084400000, 0x00000000d5580000)
  object space 69632K, 76% used [0x0000000080000000,0x00000000833ce380,0x0000000084400000)
 Metaspace       used 59478K, committed 60800K, reserved 1114112K
  class space    used 6296K, committed 6848K, reserved 1048576K
}
Event: 115.693 GC heap before
{Heap before GC invocations=71 (full 3):
 PSYoungGen      total 15872K, used 14848K [0x00000000d5580000, 0x00000000d6600000, 0x0000000100000000)
  eden space 14848K, 100% used [0x00000000d5580000,0x00000000d6400000,0x00000000d6400000)
  from space 1024K, 0% used [0x00000000d6400000,0x00000000d6400000,0x00000000d6500000)
  to   space 1024K, 0% used [0x00000000d6500000,0x00000000d6500000,0x00000000d6600000)
 ParOldGen       total 69632K, used 53048K [0x0000000080000000, 0x0000000084400000, 0x00000000d5580000)
  object space 69632K, 76% used [0x0000000080000000,0x00000000833ce380,0x0000000084400000)
 Metaspace       used 60071K, committed 61504K, reserved 1114112K
  class space    used 6348K, committed 6976K, reserved 1048576K
}
Event: 115.698 GC heap after
{Heap after GC invocations=71 (full 3):
 PSYoungGen      total 15872K, used 862K [0x00000000d5580000, 0x00000000d6600000, 0x0000000100000000)
  eden space 14848K, 0% used [0x00000000d5580000,0x00000000d5580000,0x00000000d6400000)
  from space 1024K, 84% used [0x00000000d6500000,0x00000000d65d79b8,0x00000000d6600000)
  to   space 1024K, 0% used [0x00000000d6400000,0x00000000d6400000,0x00000000d6500000)
 ParOldGen       total 69632K, used 53056K [0x0000000080000000, 0x0000000084400000, 0x00000000d5580000)
  object space 69632K, 76% used [0x0000000080000000,0x00000000833d0380,0x0000000084400000)
 Metaspace       used 60071K, committed 61504K, reserved 1114112K
  class space    used 6348K, committed 6976K, reserved 1048576K
}
Event: 671.243 GC heap before
{Heap before GC invocations=72 (full 3):
 PSYoungGen      total 15872K, used 15710K [0x00000000d5580000, 0x00000000d6600000, 0x0000000100000000)
  eden space 14848K, 100% used [0x00000000d5580000,0x00000000d6400000,0x00000000d6400000)
  from space 1024K, 84% used [0x00000000d6500000,0x00000000d65d79b8,0x00000000d6600000)
  to   space 1024K, 0% used [0x00000000d6400000,0x00000000d6400000,0x00000000d6500000)
 ParOldGen       total 69632K, used 53056K [0x0000000080000000, 0x0000000084400000, 0x00000000d5580000)
  object space 69632K, 76% used [0x0000000080000000,0x00000000833d0380,0x0000000084400000)
 Metaspace       used 61017K, committed 62400K, reserved 1114112K
  class space    used 6443K, committed 7040K, reserved 1048576K
}
Event: 671.344 GC heap after
{Heap after GC invocations=72 (full 3):
 PSYoungGen      total 15872K, used 992K [0x00000000d5580000, 0x00000000d7400000, 0x0000000100000000)
  eden space 14848K, 0% used [0x00000000d5580000,0x00000000d5580000,0x00000000d6400000)
  from space 1024K, 96% used [0x00000000d6400000,0x00000000d64f8020,0x00000000d6500000)
  to   space 8192K, 0% used [0x00000000d6c00000,0x00000000d6c00000,0x00000000d7400000)
 ParOldGen       total 69632K, used 58932K [0x0000000080000000, 0x0000000084400000, 0x00000000d5580000)
  object space 69632K, 84% used [0x0000000080000000,0x000000008398d1d0,0x0000000084400000)
 Metaspace       used 61017K, committed 62400K, reserved 1114112K
  class space    used 6443K, committed 7040K, reserved 1048576K
}
Event: 672.550 GC heap before
{Heap before GC invocations=73 (full 3):
 PSYoungGen      total 15872K, used 15840K [0x00000000d5580000, 0x00000000d7400000, 0x0000000100000000)
  eden space 14848K, 100% used [0x00000000d5580000,0x00000000d6400000,0x00000000d6400000)
  from space 1024K, 96% used [0x00000000d6400000,0x00000000d64f8020,0x00000000d6500000)
  to   space 8192K, 0% used [0x00000000d6c00000,0x00000000d6c00000,0x00000000d7400000)
 ParOldGen       total 69632K, used 58932K [0x0000000080000000, 0x0000000084400000, 0x00000000d5580000)
  object space 69632K, 84% used [0x0000000080000000,0x000000008398d1d0,0x0000000084400000)
 Metaspace       used 61839K, committed 63232K, reserved 1114112K
  class space    used 6548K, committed 7168K, reserved 1048576K
}
Event: 672.562 GC heap after
{Heap after GC invocations=73 (full 3):
 PSYoungGen      total 16384K, used 1376K [0x00000000d5580000, 0x00000000d6d80000, 0x0000000100000000)
  eden space 14848K, 0% used [0x00000000d5580000,0x00000000d5580000,0x00000000d6400000)
  from space 1536K, 89% used [0x00000000d6c00000,0x00000000d6d58000,0x00000000d6d80000)
  to   space 3584K, 0% used [0x00000000d6680000,0x00000000d6680000,0x00000000d6a00000)
 ParOldGen       total 69632K, used 59854K [0x0000000080000000, 0x0000000084400000, 0x00000000d5580000)
  object space 69632K, 85% used [0x0000000080000000,0x0000000083a73810,0x0000000084400000)
 Metaspace       used 61839K, committed 63232K, reserved 1114112K
  class space    used 6548K, committed 7168K, reserved 1048576K
}
Event: 673.201 GC heap before
{Heap before GC invocations=74 (full 3):
 PSYoungGen      total 16384K, used 16224K [0x00000000d5580000, 0x00000000d6d80000, 0x0000000100000000)
  eden space 14848K, 100% used [0x00000000d5580000,0x00000000d6400000,0x00000000d6400000)
  from space 1536K, 89% used [0x00000000d6c00000,0x00000000d6d58000,0x00000000d6d80000)
  to   space 3584K, 0% used [0x00000000d6680000,0x00000000d6680000,0x00000000d6a00000)
 ParOldGen       total 93184K, used 90574K [0x0000000080000000, 0x0000000085b00000, 0x00000000d5580000)
  object space 93184K, 97% used [0x0000000080000000,0x0000000085873840,0x0000000085b00000)
 Metaspace       used 62508K, committed 64000K, reserved 1114112K
  class space    used 6619K, committed 7232K, reserved 1048576K
}
Event: 673.207 GC heap after
{Heap after GC invocations=74 (full 3):
 PSYoungGen      total 18432K, used 805K [0x00000000d5580000, 0x00000000d6c80000, 0x0000000100000000)
  eden space 14848K, 0% used [0x00000000d5580000,0x00000000d5580000,0x00000000d6400000)
  from space 3584K, 22% used [0x00000000d6680000,0x00000000d6749420,0x00000000d6a00000)
  to   space 1536K, 0% used [0x00000000d6b00000,0x00000000d6b00000,0x00000000d6c80000)
 ParOldGen       total 93184K, used 91582K [0x0000000080000000, 0x0000000085b00000, 0x00000000d5580000)
  object space 93184K, 98% used [0x0000000080000000,0x000000008596f840,0x0000000085b00000)
 Metaspace       used 62508K, committed 64000K, reserved 1114112K
  class space    used 6619K, committed 7232K, reserved 1048576K
}
Event: 685.400 GC heap before
{Heap before GC invocations=75 (full 3):
 PSYoungGen      total 18432K, used 15653K [0x00000000d5580000, 0x00000000d6c80000, 0x0000000100000000)
  eden space 14848K, 100% used [0x00000000d5580000,0x00000000d6400000,0x00000000d6400000)
  from space 3584K, 22% used [0x00000000d6680000,0x00000000d6749420,0x00000000d6a00000)
  to   space 1536K, 0% used [0x00000000d6b00000,0x00000000d6b00000,0x00000000d6c80000)
 ParOldGen       total 93184K, used 91582K [0x0000000080000000, 0x0000000085b00000, 0x00000000d5580000)
  object space 93184K, 98% used [0x0000000080000000,0x000000008596f840,0x0000000085b00000)
 Metaspace       used 62834K, committed 64320K, reserved 1114112K
  class space    used 6630K, committed 7296K, reserved 1048576K
}
Event: 685.409 GC heap after
{Heap after GC invocations=75 (full 3):
 PSYoungGen      total 15360K, used 352K [0x00000000d5580000, 0x00000000d6b80000, 0x0000000100000000)
  eden space 14848K, 0% used [0x00000000d5580000,0x00000000d5580000,0x00000000d6400000)
  from space 512K, 68% used [0x00000000d6b00000,0x00000000d6b58020,0x00000000d6b80000)
  to   space 1024K, 0% used [0x00000000d6980000,0x00000000d6980000,0x00000000d6a80000)
 ParOldGen       total 93184K, used 92306K [0x0000000080000000, 0x0000000085b00000, 0x00000000d5580000)
  object space 93184K, 99% used [0x0000000080000000,0x0000000085a249c8,0x0000000085b00000)
 Metaspace       used 62834K, committed 64320K, reserved 1114112K
  class space    used 6630K, committed 7296K, reserved 1048576K
}

